<?xml version="1.0" encoding="UTF-8"?>
<!-- Generated by org.testng.reporters.JUnitXMLReporter -->
<testsuite hostname="Guillermos-Mac.local" name="Default test" tests="1" failures="1" timestamp="23 Aug 2016 22:16:46 GMT" time="45.637" errors="0">
  <testcase name="run_cukes" time="45.56" classname="engine.TestEngine">
    <failure type="cucumber.runtime.CucumberException" message="java.lang.NullPointerException">
      <![CDATA[cucumber.runtime.CucumberException: java.lang.NullPointerException
	at cucumber.api.testng.TestNGCucumberRunner.runCukes(TestNGCucumberRunner.java:48)
	at cucumber.api.testng.AbstractTestNGCucumberTests.run_cukes(AbstractTestNGCucumberTests.java:14)
	at cucumber.api.testng.AbstractTestNGCucumberTests.run(AbstractTestNGCucumberTests.java:19)
Caused by: java.lang.NullPointerException
	at pages.LoginPage.login(LoginPage.java:34)
	at steps.LoginSteps.i_login_with_this_gvelasquez_and_this_belatrix_values(LoginSteps.java:27)
	at ✽.When I login with this "gvelasquez" and this "belatrix" values(LoginScenarios.feature:6)
... Removed 26 stack frames]]>
    </failure>
  </testcase> <!-- run_cukes -->
</testsuite> <!-- Default test -->
