<?xml version="1.0" encoding="UTF-8"?>
<testng-results skipped="0" failed="1" total="1" passed="0">
  <reporter-output>
    <line>
      <![CDATA[<div "featureFile">Feature File: LoginScenarios.feature</div>]]>
    </line>
    <line>
      <![CDATA[<div "feature">Feature: Login Scenarios</div>]]>
    </line>
    <line>
      <![CDATA[<div "scenarioOutline">Scenario Outline: Login with correct values</div>]]>
    </line>
    <line>
      <![CDATA[<div "scenario">Scenario Outline: Login with correct values</div>]]>
    </line>
    <line>
      <![CDATA[<div "result">Given  I open the app (passed : 30s)</div>]]>
    </line>
    <line>
      <![CDATA[<div "result">When  I login with this &quot;&lt;username&gt;&quot; and this &quot;&lt;password&gt;&quot; values (failed : 12s)</div>]]>
    </line>
    <line>
      <![CDATA[<div "result">Then  I see my user profile page (skipped)</div>]]>
    </line>
    <line>
      <![CDATA[<div "scenario">Scenario Outline: Login with correct values</div>]]>
    </line>
    <line>
      <![CDATA[<div "result">Given  I open the app (failed : 0s)</div>]]>
    </line>
    <line>
      <![CDATA[<div "result">When  I login with this &quot;gvelasquez&quot; and this &quot;belatrix&quot; values (skipped)</div>]]>
    </line>
    <line>
      <![CDATA[<div "result">Then  I see my user profile page (skipped)</div>]]>
    </line>
  </reporter-output>
  <suite name="Default suite" duration-ms="45637" started-at="2016-08-23T22:16:01Z" finished-at="2016-08-23T22:16:46Z">
    <groups>
      <group name="cucumber">
        <method signature="AbstractTestNGCucumberTests.run_cukes()[pri:0, instance:engine.TestEngine@29ca901e]" name="run_cukes" class="cucumber.api.testng.AbstractTestNGCucumberTests"/>
      </group> <!-- cucumber -->
    </groups>
    <test name="Default test" duration-ms="45637" started-at="2016-08-23T22:16:01Z" finished-at="2016-08-23T22:16:46Z">
      <class name="engine.TestEngine">
        <test-method status="FAIL" signature="run_cukes()[pri:0, instance:engine.TestEngine@29ca901e]" name="run_cukes" duration-ms="45560" started-at="2016-08-23T17:16:01Z" description="Runs Cucumber Features" finished-at="2016-08-23T17:16:46Z">
          <exception class="cucumber.runtime.CucumberException">
            <message>
              <![CDATA[java.lang.NullPointerException]]>
            </message>
            <full-stacktrace>
              <![CDATA[cucumber.runtime.CucumberException: java.lang.NullPointerException
	at cucumber.api.testng.TestNGCucumberRunner.runCukes(TestNGCucumberRunner.java:48)
	at cucumber.api.testng.AbstractTestNGCucumberTests.run_cukes(AbstractTestNGCucumberTests.java:14)
	at sun.reflect.NativeMethodAccessorImpl.invoke0(Native Method)
	at sun.reflect.NativeMethodAccessorImpl.invoke(NativeMethodAccessorImpl.java:62)
	at sun.reflect.DelegatingMethodAccessorImpl.invoke(DelegatingMethodAccessorImpl.java:43)
	at java.lang.reflect.Method.invoke(Method.java:498)
	at org.testng.internal.MethodInvocationHelper.invokeMethod(MethodInvocationHelper.java:85)
	at org.testng.internal.MethodInvocationHelper$1.runTestMethod(MethodInvocationHelper.java:200)
	at cucumber.api.testng.AbstractTestNGCucumberTests.run(AbstractTestNGCucumberTests.java:19)
	at org.testng.internal.MethodInvocationHelper.invokeHookable(MethodInvocationHelper.java:212)
	at org.testng.internal.Invoker.invokeMethod(Invoker.java:689)
	at org.testng.internal.Invoker.invokeTestMethod(Invoker.java:882)
	at org.testng.internal.Invoker.invokeTestMethods(Invoker.java:1189)
	at org.testng.internal.TestMethodWorker.invokeTestMethods(TestMethodWorker.java:124)
	at org.testng.internal.TestMethodWorker.run(TestMethodWorker.java:108)
	at org.testng.TestRunner.privateRun(TestRunner.java:767)
	at org.testng.TestRunner.run(TestRunner.java:617)
	at org.testng.SuiteRunner.runTest(SuiteRunner.java:348)
	at org.testng.SuiteRunner.runSequentially(SuiteRunner.java:343)
	at org.testng.SuiteRunner.privateRun(SuiteRunner.java:305)
	at org.testng.SuiteRunner.run(SuiteRunner.java:254)
	at org.testng.SuiteRunnerWorker.runSuite(SuiteRunnerWorker.java:52)
	at org.testng.SuiteRunnerWorker.run(SuiteRunnerWorker.java:86)
	at org.testng.TestNG.runSuitesSequentially(TestNG.java:1224)
	at org.testng.TestNG.runSuitesLocally(TestNG.java:1149)
	at org.testng.TestNG.run(TestNG.java:1057)
	at org.testng.remote.AbstractRemoteTestNG.run(AbstractRemoteTestNG.java:126)
	at org.testng.remote.RemoteTestNG.initAndRun(RemoteTestNG.java:152)
	at org.testng.remote.RemoteTestNG.main(RemoteTestNG.java:57)
Caused by: java.lang.NullPointerException
	at pages.LoginPage.login(LoginPage.java:34)
	at steps.LoginSteps.i_login_with_this_gvelasquez_and_this_belatrix_values(LoginSteps.java:27)
	at ✽.When I login with this "gvelasquez" and this "belatrix" values(LoginScenarios.feature:6)
]]>
            </full-stacktrace>
          </exception> <!-- cucumber.runtime.CucumberException -->
          <reporter-output>
            <line>
              <![CDATA[<div "featureFile">Feature File: LoginScenarios.feature</div>]]>
            </line>
            <line>
              <![CDATA[<div "feature">Feature: Login Scenarios</div>]]>
            </line>
            <line>
              <![CDATA[<div "scenarioOutline">Scenario Outline: Login with correct values</div>]]>
            </line>
            <line>
              <![CDATA[<div "scenario">Scenario Outline: Login with correct values</div>]]>
            </line>
            <line>
              <![CDATA[<div "result">Given  I open the app (passed : 30s)</div>]]>
            </line>
            <line>
              <![CDATA[<div "result">When  I login with this &quot;&lt;username&gt;&quot; and this &quot;&lt;password&gt;&quot; values (failed : 12s)</div>]]>
            </line>
            <line>
              <![CDATA[<div "result">Then  I see my user profile page (skipped)</div>]]>
            </line>
            <line>
              <![CDATA[<div "scenario">Scenario Outline: Login with correct values</div>]]>
            </line>
            <line>
              <![CDATA[<div "result">Given  I open the app (failed : 0s)</div>]]>
            </line>
            <line>
              <![CDATA[<div "result">When  I login with this &quot;gvelasquez&quot; and this &quot;belatrix&quot; values (skipped)</div>]]>
            </line>
            <line>
              <![CDATA[<div "result">Then  I see my user profile page (skipped)</div>]]>
            </line>
          </reporter-output>
        </test-method> <!-- run_cukes -->
      </class> <!-- engine.TestEngine -->
    </test> <!-- Default test -->
  </suite> <!-- Default suite -->
</testng-results>
